Arguments: 
  D:\Program Files\nodejs\node.exe D:\Program Files\Yarn\bin\yarn.js install

PATH: 
  C:\Users\Luventa\bin;D:\Program Files\Git\mingw64\bin;D:\Program Files\Git\usr\local\bin;D:\Program Files\Git\usr\bin;D:\Program Files\Git\usr\bin;D:\Program Files\Git\mingw64\bin;D:\Program Files\Git\usr\bin;C:\Users\Luventa\bin;D:\Applications\Luventa\product\11.2.0\dbhome_1\bin;C:\Windows\system32;C:\Windows;C:\Windows\System32\Wbem;C:\Windows\System32\WindowsPowerShell\v1.0;D:\Program Files\Git\cmd;D:\Program Files\nodejs;D:\Program Files\Java\jdk1.8.0_121\bin;D:\Program Files\Yarn\bin;C:\Users\Luventa\AppData\Local\Microsoft\WindowsApps;C:\Users\Luventa\AppData\Roaming\npm;C:\Users\Luventa\AppData\Local\Yarn\.bin;D:\Program Files\nodejs\node_global;D:\Program Files\Python27;D:\Applications\Maven\apache-maven-3.3.9\bin;D:\Program Files\Java\jdk1.8.0_121\bin;D:\Applications\Gradle\gradle-3.3\bin;D:\Program Files\Yarn\bin;D:\Program Files\Git\usr\bin\vendor_perl;D:\Program Files\Git\usr\bin\core_perl

Yarn version: 
  0.19.1

Node version: 
  6.9.5

Platform: 
  win32 x64

npm manifest: 
  {
    "name": "vue-electron-test1",
    "version": "0.0.0",
    "description": "An electron-vue project",
    "scripts": {
      "build": "node tasks/release.js",
      "build:clean": "cross-env PLATFORM_TARGET=clean node tasks/release.js",
      "build:darwin": "cross-env PLATFORM_TARGET=darwin node tasks/release.js",
      "build:linux": "cross-env PLATFORM_TARGET=linux node tasks/release.js",
      "build:mas": "cross-env PLATFORM_TARGET=mas node tasks/release.js",
      "build:win32": "cross-env PLATFORM_TARGET=win32 node tasks/release.js",
      "dev": "node tasks/runner.js",
      "lint": "eslint --ext .js,.vue -f ./node_modules/eslint-friendly-formatter app",
      "lint:fix": "eslint --ext .js,.vue -f ./node_modules/eslint-friendly-formatter --fix app",
      "pack": "npm run pack:main && npm run pack:renderer",
      "pack:main": "cross-env NODE_ENV=production webpack -p --progress --colors --config webpack.main.config.js",
      "pack:renderer": "cross-env NODE_ENV=production webpack -p --progress --colors --config webpack.renderer.config.js",
      "postinstall": "npm run lint:fix && cd app && npm install"
    },
    "author": "Greg Holguin <simulatedgreg@gmail.com>",
    "license": "MIT",
    "devDependencies": {
      "babel-core": "^6.8.0",
      "babel-loader": "^6.2.4",
      "babel-plugin-transform-runtime": "^6.8.0",
      "babel-preset-es2015": "^6.6.0",
      "babel-preset-stage-0": "^6.5.0",
      "babel-register": "^6.18.0",
      "babel-runtime": "^6.6.1",
      "cross-env": "^3.1.4",
      "css-loader": "^0.26.1",
      "del": "^2.2.1",
      "devtron": "^1.1.0",
      "electron": "^1.3.1",
      "electron-debug": "^1.1.0",
      "electron-devtools-installer": "^2.0.1",
      "electron-packager": "^8.5.0",
      "electron-rebuild": "^1.1.3",
      "babel-eslint": "^7.0.0",
      "eslint": "^3.13.1",
      "eslint-friendly-formatter": "^2.0.5",
      "eslint-loader": "^1.3.0",
      "eslint-plugin-html": "^2.0.0",
      "eslint-config-standard": "^6.2.1",
      "eslint-plugin-promise": "^3.4.0",
      "eslint-plugin-standard": "^2.0.1",
      "extract-text-webpack-plugin": "^2.0.0-beta.4",
      "file-loader": "^0.9.0",
      "html-webpack-plugin": "^2.16.1",
      "json-loader": "^0.5.4",
      "style-loader": "^0.13.1",
      "tree-kill": "^1.1.0",
      "url-loader": "^0.5.7",
      "vue-hot-reload-api": "^2.0.7",
      "vue-html-loader": "^1.2.2",
      "vue-loader": "^10.0.2",
      "vue-style-loader": "^1.0.0",
      "vue-template-compiler": "^2.1.10",
      "webpack": "^2.2.1",
      "webpack-dev-server": "^2.3.0"
    },
    "dependencies": {}
  }

yarn manifest: 
  No manifest

Lockfile: 
  No lockfile

Trace: 
  Error: connect ETIMEDOUT 104.16.62.173:443
      at Object.exports._errnoException (util.js:1022:11)
      at exports._exceptionWithHostPort (util.js:1045:20)
      at TCPConnectWrap.afterConnect [as oncomplete] (net.js:1087:14)
